Build started 11/9/2019 2:54:07 PM.
     1>Project "D:\c\C\2019110901CppGoldPrice\2019110901CppGoldPrice\2019110901CppGoldPrice.vcxproj" on node 2 (build target(s)).
     1>InitializeBuildStatus:
         Creating "Debug\2019110901CppGoldPrice.unsuccessfulbuild" because "AlwaysCreate" was specified.
       ClCompile:
         C:\Program Files (x86)\Microsoft Visual Studio 10.0\VC\bin\CL.exe /c /ZI /nologo /W3 /WX- /Od /Oy- /D _MBCS /Gm /EHsc /RTC1 /MDd /GS /fp:precise /Zc:wchar_t /Zc:forScope /Fo"Debug\\" /Fd"Debug\vc100.pdb" /Gd /TP /analyze- /errorReport:prompt goldprice.cpp
         goldprice.cpp
     1>d:\c\c\2019110901cppgoldprice\2019110901cppgoldprice\goldprice.cpp(14): warning C4996: 'scanf': This function or variable may be unsafe. Consider using scanf_s instead. To disable deprecation, use _CRT_SECURE_NO_WARNINGS. See online help for details.
                 c:\program files (x86)\microsoft visual studio 10.0\vc\include\stdio.h(304) : see declaration of 'scanf'
     1>d:\c\c\2019110901cppgoldprice\2019110901cppgoldprice\goldprice.cpp(17): warning C4996: 'scanf': This function or variable may be unsafe. Consider using scanf_s instead. To disable deprecation, use _CRT_SECURE_NO_WARNINGS. See online help for details.
                 c:\program files (x86)\microsoft visual studio 10.0\vc\include\stdio.h(304) : see declaration of 'scanf'
     1>d:\c\c\2019110901cppgoldprice\2019110901cppgoldprice\goldprice.cpp(20): warning C4996: 'scanf': This function or variable may be unsafe. Consider using scanf_s instead. To disable deprecation, use _CRT_SECURE_NO_WARNINGS. See online help for details.
                 c:\program files (x86)\microsoft visual studio 10.0\vc\include\stdio.h(304) : see declaration of 'scanf'
     1>d:\c\c\2019110901cppgoldprice\2019110901cppgoldprice\goldprice.cpp(23): warning C4996: 'scanf': This function or variable may be unsafe. Consider using scanf_s instead. To disable deprecation, use _CRT_SECURE_NO_WARNINGS. See online help for details.
                 c:\program files (x86)\microsoft visual studio 10.0\vc\include\stdio.h(304) : see declaration of 'scanf'
       Link:
         C:\Program Files (x86)\Microsoft Visual Studio 10.0\VC\bin\link.exe /ERRORREPORT:PROMPT /OUT:"D:\c\C\2019110901CppGoldPrice\Debug\2019110901CppGoldPrice.exe" /NOLOGO kernel32.lib user32.lib gdi32.lib winspool.lib comdlg32.lib advapi32.lib shell32.lib ole32.lib oleaut32.lib uuid.lib odbc32.lib odbccp32.lib /MANIFEST /ManifestFile:"Debug\2019110901CppGoldPrice.exe.intermediate.manifest" /MANIFESTUAC:"level='asInvoker' uiAccess='false'" /DEBUG /PDB:"D:\c\C\2019110901CppGoldPrice\Debug\2019110901CppGoldPrice.pdb" /TLBID:1 /DYNAMICBASE /NXCOMPAT /IMPLIB:"D:\c\C\2019110901CppGoldPrice\Debug\2019110901CppGoldPrice.lib" /MACHINE:X86 Debug\goldprice.obj
         LINK : D:\c\C\2019110901CppGoldPrice\Debug\2019110901CppGoldPrice.exe not found or not built by the last incremental link; performing full link
         2019110901CppGoldPrice.vcxproj -> D:\c\C\2019110901CppGoldPrice\Debug\2019110901CppGoldPrice.exe
       Manifest:
         C:\Program Files (x86)\Microsoft SDKs\Windows\v7.0A\bin\mt.exe /nologo /verbose /outputresource:"D:\c\C\2019110901CppGoldPrice\Debug\2019110901CppGoldPrice.exe;#1" /manifest Debug\2019110901CppGoldPrice.exe.intermediate.manifest
       FinalizeBuildStatus:
         Deleting file "Debug\2019110901CppGoldPrice.unsuccessfulbuild".
         Touching "Debug\2019110901CppGoldPrice.lastbuildstate".
     1>Done Building Project "D:\c\C\2019110901CppGoldPrice\2019110901CppGoldPrice\2019110901CppGoldPrice.vcxproj" (build target(s)).

Build succeeded.

Time Elapsed 00:00:00.63
