d:\c\c\2020 overall c programming\debug\vc142.pdb
d:\c\c\2020 overall c programming\debug\vc142.idb
d:\c\c\2020 overall c programming\debug\delay.obj
d:\c\c\2020 overall c programming\debug\clock.obj
d:\c\c\2020 overall c programming\debug\function.obj
d:\c\c\2020 overall c programming\debug\scope6.obj
d:\c\c\2020 overall c programming\debug\print5.obj
d:\c\c\2020 overall c programming\debug\function3.obj
d:\c\c\2020 overall c programming\debug\delay2.obj
d:\c\c\2020 overall c programming\debug\clock1.obj
d:\c\c\2020 overall c programming\debug\overallc4.obj
d:\c\c\2020 overall c programming\debug\array7.obj
d:\c\c\2020 overall c programming\debug\cipher9.obj
d:\c\c\2020 overall c programming\debug\cipher8.obj
d:\c\c\2020 overall c programming\debug\endian10.obj
d:\c\c\2020 overall c programming\debug\pointer11.obj
d:\c\c\2020 overall c programming\debug\string12.obj
d:\c\c\2020 overall c programming\debug\2020 overall c programming.exe
d:\c\c\2020 overall c programming\debug\2020 overall c programming.ilk
d:\c\c\2020 overall c programming\debug\2020 overall c programming.pdb
d:\c\c\2020 overall c programming\debug\overallc.obj
d:\c\c\2020 overall c programming\debug\print.obj
d:\c\c\2020 overall c programming\debug\array7.obj.enc
d:\c\c\2020 overall c programming\debug\endian10.obj.enc
d:\c\c\2020 overall c programming\debug\function.obj.enc
d:\c\c\2020 overall c programming\debug\scope6.new.obj.enc
d:\c\c\2020 overall c programming\debug\2020 ove.98345b44.tlog\cl.command.1.tlog
d:\c\c\2020 overall c programming\debug\2020 ove.98345b44.tlog\cl.read.1.tlog
d:\c\c\2020 overall c programming\debug\2020 ove.98345b44.tlog\cl.write.1.tlog
d:\c\c\2020 overall c programming\debug\2020 ove.98345b44.tlog\link.command.1.tlog
d:\c\c\2020 overall c programming\debug\2020 ove.98345b44.tlog\link.read.1.tlog
d:\c\c\2020 overall c programming\debug\2020 ove.98345b44.tlog\link.write.1.tlog
