Build started 11/20/2019 7:58:15 PM.
     1>Project "D:\c\C#\claexample\claexample\claexample.vcxproj" on node 2 (rebuild target(s)).
     1>_PrepareForClean:
         Deleting file "Debug\claexample.lastbuildstate".
       InitializeBuildStatus:
         Creating "Debug\claexample.unsuccessfulbuild" because "AlwaysCreate" was specified.
       ClCompile:
         C:\Program Files (x86)\Microsoft Visual Studio 10.0\VC\bin\CL.exe /c /ZI /nologo /W3 /WX- /Od /Oy- /D _MBCS /Gm /EHsc /RTC1 /MDd /GS /fp:precise /Zc:wchar_t /Zc:forScope /Fo"Debug\\" /Fd"Debug\vc100.pdb" /Gd /TP /analyze- /errorReport:prompt main.cpp
         main.cpp
       Link:
         C:\Program Files (x86)\Microsoft Visual Studio 10.0\VC\bin\link.exe /ERRORREPORT:PROMPT /OUT:"D:\c\C#\claexample\Debug\claexample.exe" /NOLOGO kernel32.lib user32.lib gdi32.lib winspool.lib comdlg32.lib advapi32.lib shell32.lib ole32.lib oleaut32.lib uuid.lib odbc32.lib odbccp32.lib /MANIFEST /ManifestFile:"Debug\claexample.exe.intermediate.manifest" /MANIFESTUAC:"level='asInvoker' uiAccess='false'" /DEBUG /PDB:"D:\c\C#\claexample\Debug\claexample.pdb" /TLBID:1 /DYNAMICBASE /NXCOMPAT /IMPLIB:"D:\c\C#\claexample\Debug\claexample.lib" /MACHINE:X86 Debug\main.obj
         claexample.vcxproj -> D:\c\C#\claexample\Debug\claexample.exe
       Manifest:
         C:\Program Files (x86)\Microsoft SDKs\Windows\v7.0A\bin\mt.exe /nologo /verbose /outputresource:"D:\c\C#\claexample\Debug\claexample.exe;#1" /manifest Debug\claexample.exe.intermediate.manifest
       FinalizeBuildStatus:
         Deleting file "Debug\claexample.unsuccessfulbuild".
         Touching "Debug\claexample.lastbuildstate".
     1>Done Building Project "D:\c\C#\claexample\claexample\claexample.vcxproj" (rebuild target(s)).

Build succeeded.

Time Elapsed 00:00:00.70
