Build started 11/11/2019 3:04:13 PM.
     1>Project "D:\c\C\2019111101CppFileIO\2019111101CppFileIO\2019111101CppFileIO.vcxproj" on node 2 (build target(s)).
     1>InitializeBuildStatus:
         Creating "Debug\2019111101CppFileIO.unsuccessfulbuild" because "AlwaysCreate" was specified.
       ClCompile:
         C:\Program Files (x86)\Microsoft Visual Studio 10.0\VC\bin\CL.exe /c /ZI /nologo /W3 /WX- /Od /Oy- /D _MBCS /Gm /EHsc /RTC1 /MDd /GS /fp:precise /Zc:wchar_t /Zc:forScope /Fo"Debug\\" /Fd"Debug\vc100.pdb" /Gd /TP /analyze- /errorReport:prompt FileIO.cpp
         FileIO.cpp
     1>d:\c\c\2019111101cppfileio\2019111101cppfileio\fileio.cpp(17): warning C4996: 'fopen': This function or variable may be unsafe. Consider using fopen_s instead. To disable deprecation, use _CRT_SECURE_NO_WARNINGS. See online help for details.
                 c:\program files (x86)\microsoft visual studio 10.0\vc\include\stdio.h(234) : see declaration of 'fopen'
     1>d:\c\c\2019111101cppfileio\2019111101cppfileio\fileio.cpp(27): warning C4996: 'fopen': This function or variable may be unsafe. Consider using fopen_s instead. To disable deprecation, use _CRT_SECURE_NO_WARNINGS. See online help for details.
                 c:\program files (x86)\microsoft visual studio 10.0\vc\include\stdio.h(234) : see declaration of 'fopen'
       Link:
         C:\Program Files (x86)\Microsoft Visual Studio 10.0\VC\bin\link.exe /ERRORREPORT:PROMPT /OUT:"D:\c\C\2019111101CppFileIO\Debug\2019111101CppFileIO.exe" /NOLOGO kernel32.lib user32.lib gdi32.lib winspool.lib comdlg32.lib advapi32.lib shell32.lib ole32.lib oleaut32.lib uuid.lib odbc32.lib odbccp32.lib /MANIFEST /ManifestFile:"Debug\2019111101CppFileIO.exe.intermediate.manifest" /MANIFESTUAC:"level='asInvoker' uiAccess='false'" /DEBUG /PDB:"D:\c\C\2019111101CppFileIO\Debug\2019111101CppFileIO.pdb" /TLBID:1 /DYNAMICBASE /NXCOMPAT /IMPLIB:"D:\c\C\2019111101CppFileIO\Debug\2019111101CppFileIO.lib" /MACHINE:X86 Debug\FileIO.obj
         LINK : D:\c\C\2019111101CppFileIO\Debug\2019111101CppFileIO.exe not found or not built by the last incremental link; performing full link
         2019111101CppFileIO.vcxproj -> D:\c\C\2019111101CppFileIO\Debug\2019111101CppFileIO.exe
       Manifest:
         C:\Program Files (x86)\Microsoft SDKs\Windows\v7.0A\bin\mt.exe /nologo /verbose /outputresource:"D:\c\C\2019111101CppFileIO\Debug\2019111101CppFileIO.exe;#1" /manifest Debug\2019111101CppFileIO.exe.intermediate.manifest
       FinalizeBuildStatus:
         Deleting file "Debug\2019111101CppFileIO.unsuccessfulbuild".
         Touching "Debug\2019111101CppFileIO.lastbuildstate".
     1>Done Building Project "D:\c\C\2019111101CppFileIO\2019111101CppFileIO\2019111101CppFileIO.vcxproj" (build target(s)).

Build succeeded.

Time Elapsed 00:00:00.56
