Build started 11/16/2019 12:00:13 PM.
     1>Project "D:\c\C\2019111601Function\2019111601Function\2019111601Function.vcxproj" on node 2 (build target(s)).
     1>InitializeBuildStatus:
         Creating "Debug\2019111601Function.unsuccessfulbuild" because "AlwaysCreate" was specified.
       ClCompile:
         C:\Program Files (x86)\Microsoft Visual Studio 10.0\VC\bin\CL.exe /c /ZI /nologo /W3 /WX- /Od /Oy- /D _MBCS /Gm /EHsc /RTC1 /MDd /GS /fp:precise /Zc:wchar_t /Zc:forScope /Fo"Debug\\" /Fd"Debug\vc100.pdb" /Gd /TP /analyze- /errorReport:prompt Function.cpp
         Function.cpp
     1>d:\c\c\2019111601function\2019111601function\function.cpp(26): warning C4996: 'scanf': This function or variable may be unsafe. Consider using scanf_s instead. To disable deprecation, use _CRT_SECURE_NO_WARNINGS. See online help for details.
                 c:\program files (x86)\microsoft visual studio 10.0\vc\include\stdio.h(304) : see declaration of 'scanf'
     1>d:\c\c\2019111601function\2019111601function\function.cpp(81): warning C4996: 'scanf': This function or variable may be unsafe. Consider using scanf_s instead. To disable deprecation, use _CRT_SECURE_NO_WARNINGS. See online help for details.
                 c:\program files (x86)\microsoft visual studio 10.0\vc\include\stdio.h(304) : see declaration of 'scanf'
     1>d:\c\c\2019111601function\2019111601function\function.cpp(83): warning C4996: 'scanf': This function or variable may be unsafe. Consider using scanf_s instead. To disable deprecation, use _CRT_SECURE_NO_WARNINGS. See online help for details.
                 c:\program files (x86)\microsoft visual studio 10.0\vc\include\stdio.h(304) : see declaration of 'scanf'
     1>d:\c\c\2019111601function\2019111601function\function.cpp(85): warning C4996: 'scanf': This function or variable may be unsafe. Consider using scanf_s instead. To disable deprecation, use _CRT_SECURE_NO_WARNINGS. See online help for details.
                 c:\program files (x86)\microsoft visual studio 10.0\vc\include\stdio.h(304) : see declaration of 'scanf'
     1>d:\c\c\2019111601function\2019111601function\function.cpp(87): warning C4996: 'scanf': This function or variable may be unsafe. Consider using scanf_s instead. To disable deprecation, use _CRT_SECURE_NO_WARNINGS. See online help for details.
                 c:\program files (x86)\microsoft visual studio 10.0\vc\include\stdio.h(304) : see declaration of 'scanf'
       Link:
         C:\Program Files (x86)\Microsoft Visual Studio 10.0\VC\bin\link.exe /ERRORREPORT:PROMPT /OUT:"D:\c\C\2019111601Function\Debug\2019111601Function.exe" /NOLOGO kernel32.lib user32.lib gdi32.lib winspool.lib comdlg32.lib advapi32.lib shell32.lib ole32.lib oleaut32.lib uuid.lib odbc32.lib odbccp32.lib /MANIFEST /ManifestFile:"Debug\2019111601Function.exe.intermediate.manifest" /MANIFESTUAC:"level='asInvoker' uiAccess='false'" /DEBUG /PDB:"D:\c\C\2019111601Function\Debug\2019111601Function.pdb" /TLBID:1 /DYNAMICBASE /NXCOMPAT /IMPLIB:"D:\c\C\2019111601Function\Debug\2019111601Function.lib" /MACHINE:X86 Debug\Function.obj
         LINK : D:\c\C\2019111601Function\Debug\2019111601Function.exe not found or not built by the last incremental link; performing full link
         2019111601Function.vcxproj -> D:\c\C\2019111601Function\Debug\2019111601Function.exe
       Manifest:
         C:\Program Files (x86)\Microsoft SDKs\Windows\v7.0A\bin\mt.exe /nologo /verbose /outputresource:"D:\c\C\2019111601Function\Debug\2019111601Function.exe;#1" /manifest Debug\2019111601Function.exe.intermediate.manifest
       FinalizeBuildStatus:
         Deleting file "Debug\2019111601Function.unsuccessfulbuild".
         Touching "Debug\2019111601Function.lastbuildstate".
     1>Done Building Project "D:\c\C\2019111601Function\2019111601Function\2019111601Function.vcxproj" (build target(s)).

Build succeeded.

Time Elapsed 00:00:00.68
